0 info it worked if it ends with ok
1 verbose cli [ '/usr/local/n/versions/node/10.15.3/bin/node',
1 verbose cli   '/usr/bin/npm',
1 verbose cli   'run',
1 verbose cli   'start' ]
2 info using npm@3.5.2
3 info using node@v10.15.3
4 verbose run-script [ 'prestart', 'start', 'poststart' ]
5 info lifecycle mean-auth-boilerplate-server@1.0.0~prestart: mean-auth-boilerplate-server@1.0.0
6 silly lifecycle mean-auth-boilerplate-server@1.0.0~prestart: no script for prestart, continuing
7 info lifecycle mean-auth-boilerplate-server@1.0.0~start: mean-auth-boilerplate-server@1.0.0
8 verbose lifecycle mean-auth-boilerplate-server@1.0.0~start: unsafe-perm in lifecycle true
9 verbose lifecycle mean-auth-boilerplate-server@1.0.0~start: PATH: /usr/share/npm/bin/node-gyp-bin:/home/server/devclv/testauthentification/mean-ts-auth-master/server/node_modules/.bin:/usr/local/sbin:/usr/local/bin:/usr/sbin:/usr/bin:/sbin:/bin:/usr/games:/usr/local/games:/snap/bin
10 verbose lifecycle mean-auth-boilerplate-server@1.0.0~start: CWD: /home/server/devclv/testauthentification/mean-ts-auth-master/server
11 silly lifecycle mean-auth-boilerplate-server@1.0.0~start: Args: [ '-c', 'tsc && set DEBUG=express:* && node dist/app.js' ]
12 silly lifecycle mean-auth-boilerplate-server@1.0.0~start: Returned: code: 1  signal: null
13 info lifecycle mean-auth-boilerplate-server@1.0.0~start: Failed to exec start script
14 verbose stack Error: mean-auth-boilerplate-server@1.0.0 start: `tsc && set DEBUG=express:* && node dist/app.js`
14 verbose stack Exit status 1
14 verbose stack     at EventEmitter.<anonymous> (/usr/share/npm/lib/utils/lifecycle.js:232:16)
14 verbose stack     at EventEmitter.emit (events.js:189:13)
14 verbose stack     at ChildProcess.<anonymous> (/usr/share/npm/lib/utils/spawn.js:24:14)
14 verbose stack     at ChildProcess.emit (events.js:189:13)
14 verbose stack     at maybeClose (internal/child_process.js:970:16)
14 verbose stack     at Process.ChildProcess._handle.onexit (internal/child_process.js:259:5)
15 verbose pkgid mean-auth-boilerplate-server@1.0.0
16 verbose cwd /home/server/devclv/testauthentification/mean-ts-auth-master/server
17 error Linux 4.18.0-17-generic
18 error argv "/usr/local/n/versions/node/10.15.3/bin/node" "/usr/bin/npm" "run" "start"
19 error node v10.15.3
20 error npm  v3.5.2
21 error code ELIFECYCLE
22 error mean-auth-boilerplate-server@1.0.0 start: `tsc && set DEBUG=express:* && node dist/app.js`
22 error Exit status 1
23 error Failed at the mean-auth-boilerplate-server@1.0.0 start script 'tsc && set DEBUG=express:* && node dist/app.js'.
23 error Make sure you have the latest version of node.js and npm installed.
23 error If you do, this is most likely a problem with the mean-auth-boilerplate-server package,
23 error not with npm itself.
23 error Tell the author that this fails on your system:
23 error     tsc && set DEBUG=express:* && node dist/app.js
23 error You can get information on how to open an issue for this project with:
23 error     npm bugs mean-auth-boilerplate-server
23 error Or if that isn't available, you can get their info via:
23 error     npm owner ls mean-auth-boilerplate-server
23 error There is likely additional logging output above.
24 verbose exit [ 1, true ]
