Arguments: 
  /Users/nyahyaoui/.nvm/versions/node/v8.9.4/bin/node /Users/nyahyaoui/.nvm/versions/node/v8.9.4/bin/yarn install

PATH: 
  /Users/nyahyaoui/.yarn/bin:/Users/nyahyaoui/.config/yarn/global/node_modules/.bin:/Users/nyahyaoui/.nvm/versions/node/v8.9.4/bin:/usr/local/bin:/usr/bin:/bin:/usr/sbin:/sbin:/Users/nyahyaoui/.yarn/bin:/Users/nyahyaoui/.config/yarn/global/node_modules/.bin:/Users/nyahyaoui/.nvm/versions/node/v8.9.4/bin

Yarn version: 
  1.16.0

Node version: 
  8.9.4

Platform: 
  darwin x64

Trace: 
  SyntaxError: /Users/nyahyaoui/dev_cleveremote/cleveremote/Box-Application/server/package.json: Unexpected token } in JSON at position 3658
      at JSON.parse (<anonymous>)
      at /Users/nyahyaoui/.nvm/versions/node/v8.9.4/lib/node_modules/yarn/lib/cli.js:1625:59
      at Generator.next (<anonymous>)
      at step (/Users/nyahyaoui/.nvm/versions/node/v8.9.4/lib/node_modules/yarn/lib/cli.js:304:30)
      at /Users/nyahyaoui/.nvm/versions/node/v8.9.4/lib/node_modules/yarn/lib/cli.js:315:13
      at <anonymous>

npm manifest: 
  {
    "name": "server",
    "version": "0.0.1",
    "description": "",
    "author": "",
    "license": "MIT",
    "scripts": {
      "prebuild": "rimraf dist",
      "build": "nest build",
      "format": "prettier --write \"src/**/*.ts\" \"test/**/*.ts\"",
      "start": "nest start",
      "start:dev": "nest start --watch",
      "start:debug": "nest start --debug=0.0.0.0:5300 --watch",
      "start:prod": "node dist/main",
      "lint": "tslint -p tsconfig.json -c tslint.json",
      "test": "jest",
      "test:watch": "jest --watch",
      "test:cov": "jest --coverage",
      "test:debug": "node --inspect-brk -r tsconfig-paths/register -r ts-node/register node_modules/.bin/jest --runInBand",
      "test:e2e": "jest --config ./test/jest-e2e.json",
      "watch-ts": "tsc -w",
      "generate:swagger": "nest start --config nest-cli-swagger.json"
    },
    "dependencies": {
      "@nestjs/common": "^6.10.14",
      "@nestjs/core": "^6.10.14",
      "@nestjs/platform-express": "^6.10.14",
      "reflect-metadata": "^0.1.13",
      "rimraf": "^3.0.0",
      "rxjs": "^6.5.4",
      "@types/async": "^3.0.0",
      "angular-user-idle": "^2.1.2",
      "async": "^3.0.1",
      "baseconvert": "^1.0.0",
      "bcrypt-nodejs": "0.0.3",
      "body-parser": "^1.19.0",
      "compression": "^1.7.4",
      "connect-flash": "^0.1.1",
      "connect-redis": "^3.4.1",
      "cookie-parser": "^1.4.3",
      "cors": "^2.8.4",
      "debug": "^4.1.1",
      "dotenv": "^7.0.0",
      "endianness": "^8.0.2",
      "express": "^4.16.1",
      "express-fileupload": "^1.1.4",
      "express-session": "^1.15.6",
      "hex-to-binary": "^1.0.1",
      "jsonwebtoken": "^8.2.2",
      "kafka-node": "^5.0.0",
      "moment": "^2.24.0",
      "mongoose": "^4.12.0",
      "morgan": "^1.9.0",
      "node-zone": "^0.4.0",
      "nodemailer": "^4.1.2",
      "passport": "^0.4.0",
      "passport-google-oauth20": "^2.0.0",
      "passport-jwt": "^4.0.0",
      "passport-local": "^1.0.0",
      "pg": "^7.9.0",
      "redis": "^2.8.0",
      "request": "^2.85.0",
      "serialport": "^7.1.5",
      "setimmediate": "^1.0.5",
      "typeorm": "^0.2.16",
      "uuid": "^3.3.2",
      "ws": "^6.2.1",
      "xbee-rx": "^4.0.1"
    },
    "devDependencies": {
      "@nestjs/cli": "^6.13.2",
      "@nestjs/schematics": "^6.8.1",
      "@nestjs/testing": "^6.10.14",
      "@types/express": "^4.17.2",
      "@types/jest": "25.1.2",
      "@types/node": "^13.1.6",
      "@types/supertest": "^2.0.8",
      "@typescript-eslint/eslint-plugin": "^2.12.0",
      "@typescript-eslint/parser": "^2.12.0",
      "eslint": "^6.7.2",
      "eslint-config-prettier": "^6.7.0",
      "eslint-plugin-import": "^2.19.1",
      "jest": "^24.9.0",
      "prettier": "^1.18.2",
      "supertest": "^4.0.2",
      "ts-jest": "25.2.0",
      "ts-loader": "^6.2.1",
      "ts-node": "^8.6.0",
      "tsconfig-paths": "^3.9.0",
      "typescript": "^3.7.4",
      "@types/bcrypt-nodejs": "0.0.30",
      "@types/body-parser": "^1.16.5",
      "@types/compression": "0.0.36",
      "@types/connect-flash": "0.0.34",
      "@types/connect-redis": "^0.0.9",
      "@types/cookie-parser": "^1.4.1",
      "@types/cors": "^2.8.4",
      "@types/dotenv": "^6.1.1",
      "@types/jsonwebtoken": "^7.2.7",
      "@types/kafka-node": "^2.0.8",
      "@types/moment": "^2.13.0",
      "@types/mongoose": "^4.7.23",
      "@types/morgan": "^1.7.35",
      "@types/nodemailer": "^4.6.8",
      "@types/passport": "^0.4.5",
      "@types/passport-google-oauth2": "^0.1.2",
      "@types/passport-jwt": "^3.0.1",
      "@types/passport-local": "^1.0.33",
      "@types/redis": "^2.8.12",
      "@types/rx": "^4.1.1",
      "@types/uuid": "^3.4.4",
      "@types/ws": "^6.0.1",
      "backend-tslint-rules": "^1.14.0",
      "chai": "^4.1.2",
      "mocha": "^5.0.5",
      "nodemon": "^1.17.5",
      "tslint": "^5.9.1",
    },
    "jest": {
      "moduleFileExtensions": [
        "js",
        "json",
        "ts"
      ],
      "rootDir": "src",
      "testRegex": ".spec.ts$",
      "transform": {
        "^.+\\.(t|j)s$": "ts-jest"
      },
      "coverageDirectory": "../coverage",
      "testEnvironment": "node"
    },
    "engines": {
      "node": "9.5.0"
    }
  }

yarn manifest: 
  No manifest

Lockfile: 
  No lockfile
